POINT
P1                     -10.000000 ;    0.000000 ;   15.000000 ;
P2                       0.000000 ;  -10.000000 ;   15.000000 ;
P3                      10.000000 ;    0.000000 ;   25.000000 ;
P5                       0.000000 ;  -10.000000 ;   25.000000 ;
P72                      0.000000 ;    1.000000 ;   10.000000 ;
P19                      0.000000 ;   -1.000000 ;   10.000000 ;
P35                      1.000000 ;    0.000000 ;   10.000000 ;
P38                    -10.000000 ;    0.000000 ;   15.000000 ;
P48                      0.000000 ;   10.000000 ;   25.000000 ;
END
ARC
A94                   P35                  ; P72                  ;
A2                    P2                   ; P5                   ;
A3                    P2                   ; P3                   ;
A4                    P5                   ; P3                   ;
A5                    P19                  ; P2                   ;
A6                    P19                  ; P35                  ;
A7                    P35                  ; P2                   ;
A8                    P2                   ; P38                  ;
A11                   P38                  ; P5                   ;
A32                   P1                   ; P48                  ;
A34                   P72                  ; P38                  ;
A35                   P1                   ; P19                  ;
A40                   P38                  ; P35                  ;
A81                   P1                   ; P3                   ;
A92                   P3                   ; P48                  ;
A93                   P35                  ; P38                  ;
A1                    P1                   ; P2                   ;
END
TRIANGLE
T1                    A1                   ; A3                   ; A81                  ;
T2                    A2                   ; A4                   ; A3                   ;
T7                    A5                   ; A1                   ; A35                  ;
T16                   A81                  ; A92                  ; A32                  ;
T20                   A94                  ; A34                  ; A40                  ;
END
