Compiler project. Developed by Alexander Stekolchik.1997
1.  prog fibo;
2.    var a: int,
3.        b: int,
4.        c: int;
5.    begin
6.       a:=0;
7.       b:=1;
8.       while a<1000 do
9.          print a;
10.          c:=a+b;
11.          a:=b;
12.          b:=c;
13.       od;
14.    end. eytrty
Line 14 Illegal characters after the program end . eytrty  tyrs5yrtyrtiiiiiutyu
15.  tyrs5yrtyrtiiiiiutyujtyujt7jutyijytiyui
Line 15 Illegal characters after the program end jtyujt7jutyijytiyui hgdsthrtsd
16. hgdsthrtsdhg
Line 16 Illegal characters after the program end hg
